<?xml version="1.0" encoding="UTF-8"?>
<coverage generated="1707479822741" clover="3.2.0">
  <project timestamp="1707479822741" name="All files">
    <metrics statements="13" coveredstatements="8" conditionals="0" coveredconditionals="0" methods="7" coveredmethods="5" elements="20" coveredelements="13" complexity="0" loc="13" ncloc="13" packages="2" files="4" classes="4"/>
    <package name="src">
      <metrics statements="10" coveredstatements="5" conditionals="0" coveredconditionals="0" methods="4" coveredmethods="2"/>
      <file name="app.ts" path="C:\Users\akien\Desktop\Laboratory\alishopping_api\src\app.ts">
        <metrics statements="5" coveredstatements="5" conditionals="0" coveredconditionals="0" methods="2" coveredmethods="2"/>
        <line num="1" count="1" type="stmt"/>
        <line num="4" count="1" type="stmt"/>
        <line num="9" count="1" type="stmt"/>
        <line num="11" count="1" type="stmt"/>
        <line num="14" count="1" type="stmt"/>
      </file>
      <file name="index.ts" path="C:\Users\akien\Desktop\Laboratory\alishopping_api\src\index.ts">
        <metrics statements="5" coveredstatements="0" conditionals="0" coveredconditionals="0" methods="2" coveredmethods="0"/>
        <line num="2" count="0" type="stmt"/>
        <line num="4" count="0" type="stmt"/>
        <line num="5" count="0" type="stmt"/>
        <line num="6" count="0" type="stmt"/>
        <line num="9" count="0" type="stmt"/>
      </file>
    </package>
    <package name="src.utils">
      <metrics statements="3" coveredstatements="3" conditionals="0" coveredconditionals="0" methods="3" coveredmethods="3"/>
      <file name="index.ts" path="C:\Users\akien\Desktop\Laboratory\alishopping_api\src\utils\index.ts">
        <metrics statements="1" coveredstatements="1" conditionals="0" coveredconditionals="0" methods="1" coveredmethods="1"/>
        <line num="1" count="3" type="stmt"/>
      </file>
      <file name="sum.ts" path="C:\Users\akien\Desktop\Laboratory\alishopping_api\src\utils\sum.ts">
        <metrics statements="2" coveredstatements="2" conditionals="0" coveredconditionals="0" methods="2" coveredmethods="2"/>
        <line num="1" count="1" type="stmt"/>
        <line num="2" count="5" type="stmt"/>
      </file>
    </package>
  </project>
</coverage>
