{"C:\\Users\\akien\\Desktop\\Laboratory\\alishopping_api\\src\\app.ts": {"path":"C:\\Users\\akien\\Desktop\\Laboratory\\alishopping_api\\src\\app.ts","statementMap":{"0":{"start":{"line":1,"column":0},"end":{"line":1,"column":61}},"1":{"start":{"line":4,"column":26},"end":{"line":4,"column":35}},"2":{"start":{"line":9,"column":2},"end":{"line":9,"column":83}},"3":{"start":{"line":9,"column":49},"end":{"line":9,"column":82}},"4":{"start":{"line":11,"column":2},"end":{"line":11,"column":16}},"5":{"start":{"line":14,"column":0},"end":{"line":14,"column":19}}},"fnMap":{"0":{"name":"app","decl":{"start":{"line":3,"column":9},"end":{"line":3,"column":12}},"loc":{"start":{"line":3,"column":12},"end":{"line":12,"column":1}}},"1":{"name":"(anonymous_2)","decl":{"start":{"line":9,"column":18},"end":{"line":9,"column":19}},"loc":{"start":{"line":9,"column":44},"end":{"line":9,"column":52}}}},"branchMap":{},"s":{"0":1,"1":1,"2":1,"3":1,"4":1,"5":1},"f":{"0":1,"1":1},"b":{}}
,"C:\\Users\\akien\\Desktop\\Laboratory\\alishopping_api\\src\\index.ts": {"path":"C:\\Users\\akien\\Desktop\\Laboratory\\alishopping_api\\src\\index.ts","statementMap":{"0":{"start":{"line":2,"column":0},"end":{"line":2,"column":24}},"1":{"start":{"line":5,"column":26},"end":{"line":5,"column":31}},"2":{"start":{"line":6,"column":2},"end":{"line":6,"column":78}},"3":{"start":{"line":6,"column":28},"end":{"line":6,"column":77}},"4":{"start":{"line":4,"column":0},"end":{"line":4,"column":16}},"5":{"start":{"line":9,"column":0},"end":{"line":9,"column":7}}},"fnMap":{"0":{"name":"main","decl":{"start":{"line":4,"column":16},"end":{"line":4,"column":20}},"loc":{"start":{"line":4,"column":20},"end":{"line":7,"column":1}}},"1":{"name":"(anonymous_2)","decl":{"start":{"line":6,"column":22},"end":{"line":6,"column":28}},"loc":{"start":{"line":6,"column":22},"end":{"line":6,"column":35}}}},"branchMap":{},"s":{"0":0,"1":0,"2":0,"3":0,"4":0,"5":0},"f":{"0":0,"1":0},"b":{}}
,"C:\\Users\\akien\\Desktop\\Laboratory\\alishopping_api\\src\\utils\\index.ts": {"path":"C:\\Users\\akien\\Desktop\\Laboratory\\alishopping_api\\src\\utils\\index.ts","statementMap":{"0":{"start":{"line":1,"column":0},"end":{"line":1,"column":9}},"1":{"start":{"line":1,"column":9},"end":{"line":1,"column":28}}},"fnMap":{"0":{"name":"(anonymous_0)","decl":{"start":{"line":1,"column":9},"end":{"line":1,"column":12}},"loc":{"start":{"line":1,"column":9},"end":{"line":1,"column":28}}}},"branchMap":{},"s":{"0":1,"1":3},"f":{"0":2},"b":{}}
,"C:\\Users\\akien\\Desktop\\Laboratory\\alishopping_api\\src\\utils\\sum.ts": {"path":"C:\\Users\\akien\\Desktop\\Laboratory\\alishopping_api\\src\\utils\\sum.ts","statementMap":{"0":{"start":{"line":2,"column":2},"end":{"line":2,"column":54}},"1":{"start":{"line":2,"column":39},"end":{"line":2,"column":51}},"2":{"start":{"line":1,"column":0},"end":{"line":1,"column":16}}},"fnMap":{"0":{"name":"sum","decl":{"start":{"line":1,"column":16},"end":{"line":1,"column":19}},"loc":{"start":{"line":1,"column":37},"end":{"line":3,"column":1}}},"1":{"name":"(anonymous_1)","decl":{"start":{"line":2,"column":24},"end":{"line":2,"column":25}},"loc":{"start":{"line":2,"column":34},"end":{"line":2,"column":42}}}},"branchMap":{},"s":{"0":2,"1":5,"2":1},"f":{"0":2,"1":5},"b":{}}
}
