TN:
SF:src\app.ts
FN:3,app
FN:9,(anonymous_2)
FNF:2
FNH:2
FNDA:1,app
FNDA:1,(anonymous_2)
DA:1,1
DA:4,1
DA:9,1
DA:11,1
DA:14,1
LF:5
LH:5
BRF:0
BRH:0
end_of_record
TN:
SF:src\index.ts
FN:4,main
FN:6,(anonymous_2)
FNF:2
FNH:0
FNDA:0,main
FNDA:0,(anonymous_2)
DA:2,0
DA:4,0
DA:5,0
DA:6,0
DA:9,0
LF:5
LH:0
BRF:0
BRH:0
end_of_record
TN:
SF:src\utils\index.ts
FN:1,(anonymous_0)
FNF:1
FNH:1
FNDA:2,(anonymous_0)
DA:1,3
LF:1
LH:1
BRF:0
BRH:0
end_of_record
TN:
SF:src\utils\sum.ts
FN:1,sum
FN:2,(anonymous_1)
FNF:2
FNH:2
FNDA:2,sum
FNDA:5,(anonymous_1)
DA:1,1
DA:2,5
LF:2
LH:2
BRF:0
BRH:0
end_of_record
